SF:lib/features/on_boarding/presentation/widgets/on_boarding_body.dart
DA:7,8
DA:18,3
DA:20,3
DA:23,3
DA:24,3
DA:26,3
DA:27,3
DA:30,6
DA:31,3
DA:32,6
DA:33,3
DA:34,3
DA:36,3
DA:38,3
DA:43,3
DA:44,3
DA:46,3
DA:47,3
DA:48,6
DA:49,3
DA:50,3
DA:52,3
DA:54,3
LF:23
LH:23
end_of_record
SF:lib/common/router/app_router.dart
DA:11,1
DA:12,1
DA:13,1
DA:17,1
DA:22,1
LF:5
LH:5
end_of_record
SF:lib/features/authentication/presentation/screens/login_screen.dart
DA:9,7
DA:11,0
LF:2
LH:1
end_of_record
SF:lib/features/authentication/presentation/screens/register_screen.dart
DA:9,7
DA:11,0
LF:2
LH:1
end_of_record
SF:lib/features/on_boarding/presentation/screens/on_boarding_screen.dart
DA:14,8
DA:16,2
DA:18,2
DA:20,0
DA:21,2
DA:23,2
DA:24,4
LF:7
LH:6
end_of_record
SF:lib/common/widgets/clickable_text.dart
DA:7,1
DA:13,1
DA:19,1
DA:21,1
DA:22,1
DA:23,1
DA:24,1
DA:25,1
DA:26,1
DA:27,1
LF:10
LH:10
end_of_record
SF:lib/common/widgets/gradient_text.dart
DA:4,2
DA:15,2
DA:17,2
DA:19,6
DA:20,6
DA:22,2
DA:23,2
DA:24,2
LF:8
LH:8
end_of_record
SF:lib/common/widgets/custom_button.dart
DA:7,1
DA:8,1
DA:12,1
DA:14,1
DA:16,1
DA:17,1
DA:18,1
DA:21,1
DA:22,1
DA:23,1
DA:24,1
DA:25,1
DA:28,1
DA:29,1
DA:30,1
DA:31,1
DA:33,1
DA:34,1
DA:35,1
DA:38,1
DA:39,1
DA:40,1
DA:42,1
LF:23
LH:23
end_of_record
SF:lib/features/authentication/presentation/widgets/auth_screen_base.dart
DA:7,14
DA:9,0
DA:13,0
DA:15,0
DA:17,0
DA:18,0
DA:19,0
DA:20,0
DA:32,0
LF:9
LH:1
end_of_record
SF:lib/features/authentication/presentation/widgets/login_widgets/login_body.dart
DA:15,7
DA:17,0
DA:19,0
DA:21,0
DA:24,0
DA:28,0
DA:29,0
DA:31,0
DA:32,0
DA:33,0
DA:35,0
DA:37,0
DA:38,0
DA:40,0
DA:43,0
DA:47,0
DA:48,0
DA:50,0
DA:52,0
DA:54,0
DA:55,0
DA:60,0
DA:61,0
DA:63,0
DA:64,0
DA:70,0
DA:71,0
DA:73,0
DA:74,0
DA:80,0
DA:81,0
DA:83,0
DA:85,0
DA:87,0
DA:88,0
DA:90,0
DA:92,0
LF:37
LH:1
end_of_record
SF:lib/features/authentication/presentation/widgets/register_widgets/register_body.dart
DA:10,7
DA:12,0
DA:14,0
DA:16,0
DA:19,0
DA:21,0
DA:22,0
DA:24,0
DA:25,0
DA:26,0
DA:28,0
DA:33,0
DA:34,0
LF:13
LH:1
end_of_record
SF:lib/features/authentication/presentation/widgets/auth_header.dart
DA:7,14
DA:10,0
DA:12,0
DA:13,0
DA:14,0
DA:15,0
DA:18,0
DA:19,0
DA:21,0
DA:22,0
DA:23,0
DA:24,0
LF:12
LH:1
end_of_record
SF:lib/features/authentication/presentation/widgets/custom_auth_text_form_field.dart
DA:8,8
DA:16,1
DA:24,1
DA:26,1
DA:29,2
DA:30,1
DA:31,1
DA:32,2
DA:33,1
DA:34,1
DA:36,1
DA:37,1
DA:38,1
DA:39,1
DA:40,2
DA:41,1
DA:42,1
DA:47,3
DA:48,1
DA:49,1
DA:50,1
DA:53,1
DA:54,1
DA:55,2
DA:57,1
DA:58,1
DA:59,2
DA:63,1
DA:64,1
DA:65,1
DA:72,1
DA:73,2
LF:32
LH:32
end_of_record
SF:lib/features/authentication/presentation/widgets/login_widgets/login_form.dart
DA:9,7
DA:11,0
DA:12,0
DA:18,0
DA:20,0
DA:21,0
DA:24,0
DA:26,0
DA:27,0
DA:29,0
DA:30,0
DA:31,0
DA:35,0
DA:36,0
DA:38,0
DA:39,0
LF:16
LH:1
end_of_record
SF:lib/features/authentication/presentation/widgets/login_widgets/social_auth_button.dart
DA:8,0
DA:13,0
DA:18,0
DA:20,0
DA:22,0
DA:26,0
DA:27,0
DA:28,0
DA:29,0
DA:31,0
DA:32,0
DA:33,0
DA:36,0
DA:37,0
DA:38,0
DA:39,0
DA:40,0
DA:41,0
DA:43,0
DA:44,0
DA:45,0
LF:21
LH:0
end_of_record
